<?xml version="1.0" encoding="UTF-8"?>
<!-- Generated by org.testng.reporters.JUnitReportReporter -->
<testsuite hostname="DESKTOP-AUUJL9B" failures="0" tests="4" name="com.qa.tests.LoginPageTest" time="9.472" errors="0" timestamp="25 Oct 2021 12:02:06 GMT" skipped="0">
  <testcase classname="com.qa.tests.LoginPageTest" name="test3" time="0.001"/>
  <testcase classname="com.qa.tests.LoginPageTest" name="test1" time="0.010"/>
  <testcase classname="com.qa.tests.LoginPageTest" name="test2" time="0.001"/>
  <testcase classname="com.qa.tests.LoginPageTest" name="refresh" time="9.460"/>
</testsuite> <!-- com.qa.tests.LoginPageTest -->
