<?xml version="1.0" encoding="UTF-8"?>
<!-- Generated by org.testng.reporters.JUnitReportReporter -->
<testsuite hostname="DESKTOP-AUUJL9B" failures="0" tests="1" name="com.qa.tests.TestNGGroupTest" time="0.008" errors="0" timestamp="29 Oct 2021 01:18:29 GMT" skipped="0">
  <testcase classname="com.qa.tests.TestNGGroupTest" name="test1" time="0.008"/>
</testsuite> <!-- com.qa.tests.TestNGGroupTest -->
