<?xml version="1.0" encoding="UTF-8"?>
<!-- Generated by org.testng.reporters.JUnitReportReporter -->
<testsuite hostname="DESKTOP-AUUJL9B" failures="0" tests="3" name="com.qa.tests.ParameterTest" time="0.009" errors="0" timestamp="30 Oct 2021 06:09:16 GMT" skipped="0">
  <testcase classname="com.qa.tests.ParameterTest" name="prameterTestOne" time="0.008"/>
  <testcase classname="com.qa.tests.ParameterTest" name="prameterTestTwo" time="0.001"/>
  <testcase classname="com.qa.tests.ParameterTest" name="prameterTestThree" time="0.000"/>
</testsuite> <!-- com.qa.tests.ParameterTest -->
