<?xml version="1.0" encoding="UTF-8"?>
<!-- Generated by org.testng.reporters.JUnitReportReporter -->
<testsuite hostname="DESKTOP-AUUJL9B" failures="0" tests="6" name="com.qa.tests.ParallelMethodRunTest" time="0.024" errors="0" timestamp="28 Oct 2021 17:02:49 GMT" skipped="0">
  <testcase classname="com.qa.tests.ParallelMethodRunTest" name="testMethod" time="0.001"/>
  <testcase classname="com.qa.tests.ParallelMethodRunTest" name="testMethod" time="0.001"/>
  <testcase classname="com.qa.tests.ParallelMethodRunTest" name="testMethod" time="0.010"/>
  <testcase classname="com.qa.tests.ParallelMethodRunTest" name="testMethod" time="0.001"/>
  <testcase classname="com.qa.tests.ParallelMethodRunTest" name="testMethod" time="0.001"/>
  <testcase classname="com.qa.tests.ParallelMethodRunTest" name="testMethod" time="0.010"/>
</testsuite> <!-- com.qa.tests.ParallelMethodRunTest -->
