<?xml version="1.0" encoding="UTF-8"?>
<!-- Generated by org.testng.reporters.JUnitReportReporter -->
<testsuite hostname="DESKTOP-AUUJL9B" failures="0" tests="2" name="com.qa.tests.HomePageTest" time="0.019" errors="0" timestamp="28 Oct 2021 07:31:58 GMT" skipped="0">
  <testcase classname="com.qa.tests.HomePageTest" name="checkDateFormat" time="0.017"/>
  <testcase classname="com.qa.tests.HomePageTest" name="checkDateFormatNegative" time="0.002"/>
</testsuite> <!-- com.qa.tests.HomePageTest -->
