<?xml version="1.0" encoding="UTF-8"?>
<!-- Generated by org.testng.reporters.JUnitReportReporter -->
<testsuite hostname="DESKTOP-AUUJL9B" failures="0" tests="2" name="com.qa.tests.DataProviderTestImp1" time="0.007" errors="0" timestamp="30 Oct 2021 16:45:14 GMT" skipped="0">
  <testcase classname="com.qa.tests.DataProviderTestImp1" name="testCustomerName" time="0.001"/>
  <testcase classname="com.qa.tests.DataProviderTestImp1" name="testCustomerName" time="0.006"/>
</testsuite> <!-- com.qa.tests.DataProviderTestImp1 -->
