<?xml version="1.0" encoding="UTF-8"?>
<!-- Generated by org.testng.reporters.JUnitReportReporter -->
<testsuite hostname="DESKTOP-AUUJL9B" failures="0" tests="2" name="com.qa.tests.LoginPageTest" time="0.010" errors="0" timestamp="28 Oct 2021 15:05:31 GMT" skipped="0">
  <testcase classname="com.qa.tests.LoginPageTest" name="test1" time="0.008"/>
  <testcase classname="com.qa.tests.LoginPageTest" name="test3" time="0.002"/>
</testsuite> <!-- com.qa.tests.LoginPageTest -->
